This is pdfTeX, Version 3.14159265-2.6-1.40.19 (TeX Live 2018) (preloaded format=pdflatex 2019.2.10)  29 AUG 2019 11:22
entering extended mode
 restricted \write18 enabled.
 %&-line parsing enabled.
**MSc_dissertation_hongwei.tex
(./MSc_dissertation_hongwei.tex
LaTeX2e <2018-04-01> patch level 2
Babel <3.18> and hyphenation patterns for 84 language(s) loaded.
(/usr/local/texlive/2018/texmf-dist/tex/latex/base/article.cls
Document Class: article 2014/09/29 v1.4h Standard LaTeX document class
(/usr/local/texlive/2018/texmf-dist/tex/latex/base/size12.clo
File: size12.clo 2014/09/29 v1.4h Standard LaTeX file (size option)
)
\c@part=\count80
\c@section=\count81
\c@subsection=\count82
\c@subsubsection=\count83
\c@paragraph=\count84
\c@subparagraph=\count85
\c@figure=\count86
\c@table=\count87
\abovecaptionskip=\skip41
\belowcaptionskip=\skip42
\bibindent=\dimen102
)
(/usr/local/texlive/2018/texmf-dist/tex/latex/graphics/graphicx.sty
Package: graphicx 2017/06/01 v1.1a Enhanced LaTeX Graphics (DPC,SPQR)

(/usr/local/texlive/2018/texmf-dist/tex/latex/graphics/keyval.sty
Package: keyval 2014/10/28 v1.15 key=value parser (DPC)
\KV@toks@=\toks14
)
(/usr/local/texlive/2018/texmf-dist/tex/latex/graphics/graphics.sty
Package: graphics 2017/06/25 v1.2c Standard LaTeX Graphics (DPC,SPQR)

(/usr/local/texlive/2018/texmf-dist/tex/latex/graphics/trig.sty
Package: trig 2016/01/03 v1.10 sin cos tan (DPC)
)
(/usr/local/texlive/2018/texmf-dist/tex/latex/graphics-cfg/graphics.cfg
File: graphics.cfg 2016/06/04 v1.11 sample graphics configuration
)
Package graphics Info: Driver file: pdftex.def on input line 99.

(/usr/local/texlive/2018/texmf-dist/tex/latex/graphics-def/pdftex.def
File: pdftex.def 2018/01/08 v1.0l Graphics/color driver for pdftex
))
\Gin@req@height=\dimen103
\Gin@req@width=\dimen104
)
(/usr/local/texlive/2018/texmf-dist/tex/latex/natbib/natbib.sty
Package: natbib 2010/09/13 8.31b (PWD, AO)
\bibhang=\skip43
\bibsep=\skip44
LaTeX Info: Redefining \cite on input line 694.
\c@NAT@ctr=\count88
)
(/usr/local/texlive/2018/texmf-dist/tex/latex/amsfonts/amssymb.sty
Package: amssymb 2013/01/14 v3.01 AMS font symbols

(/usr/local/texlive/2018/texmf-dist/tex/latex/amsfonts/amsfonts.sty
Package: amsfonts 2013/01/14 v3.01 Basic AMSFonts support
\@emptytoks=\toks15
\symAMSa=\mathgroup4
\symAMSb=\mathgroup5
LaTeX Font Info:    Overwriting math alphabet `\mathfrak' in version `bold'
(Font)                  U/euf/m/n --> U/euf/b/n on input line 106.
))
(/usr/local/texlive/2018/texmf-dist/tex/latex/amsmath/amsmath.sty
Package: amsmath 2017/09/02 v2.17a AMS math features
\@mathmargin=\skip45

For additional information on amsmath, use the `?' option.
(/usr/local/texlive/2018/texmf-dist/tex/latex/amsmath/amstext.sty
Package: amstext 2000/06/29 v2.01 AMS text

(/usr/local/texlive/2018/texmf-dist/tex/latex/amsmath/amsgen.sty
File: amsgen.sty 1999/11/30 v2.0 generic functions
\@emptytoks=\toks16
\ex@=\dimen105
))
(/usr/local/texlive/2018/texmf-dist/tex/latex/amsmath/amsbsy.sty
Package: amsbsy 1999/11/29 v1.2d Bold Symbols
\pmbraise@=\dimen106
)
(/usr/local/texlive/2018/texmf-dist/tex/latex/amsmath/amsopn.sty
Package: amsopn 2016/03/08 v2.02 operator names
)
\inf@bad=\count89
LaTeX Info: Redefining \frac on input line 213.
\uproot@=\count90
\leftroot@=\count91
LaTeX Info: Redefining \overline on input line 375.
\classnum@=\count92
\DOTSCASE@=\count93
LaTeX Info: Redefining \ldots on input line 472.
LaTeX Info: Redefining \dots on input line 475.
LaTeX Info: Redefining \cdots on input line 596.
\Mathstrutbox@=\box26
\strutbox@=\box27
\big@size=\dimen107
LaTeX Font Info:    Redeclaring font encoding OML on input line 712.
LaTeX Font Info:    Redeclaring font encoding OMS on input line 713.
\macc@depth=\count94
\c@MaxMatrixCols=\count95
\dotsspace@=\muskip10
\c@parentequation=\count96
\dspbrk@lvl=\count97
\tag@help=\toks17
\row@=\count98
\column@=\count99
\maxfields@=\count100
\andhelp@=\toks18
\eqnshift@=\dimen108
\alignsep@=\dimen109
\tagshift@=\dimen110
\tagwidth@=\dimen111
\totwidth@=\dimen112
\lineht@=\dimen113
\@envbody=\toks19
\multlinegap=\skip46
\multlinetaggap=\skip47
\mathdisplay@stack=\toks20
LaTeX Info: Redefining \[ on input line 2817.
LaTeX Info: Redefining \] on input line 2818.
)
(/usr/local/texlive/2018/texmf-dist/tex/latex/tools/array.sty
Package: array 2018/04/07 v2.4g Tabular extension package (FMi)
\col@sep=\dimen114
\ar@mcellbox=\box28
\extrarowheight=\dimen115
\NC@list=\toks21
\extratabsurround=\skip48
\backup@length=\skip49
\ar@cellbox=\box29
)
(/usr/local/texlive/2018/texmf-dist/tex/latex/tools/tabularx.sty
Package: tabularx 2016/02/03 v2.11b `tabularx' package (DPC)
\TX@col@width=\dimen116
\TX@old@table=\dimen117
\TX@old@col=\dimen118
\TX@target=\dimen119
\TX@delta=\dimen120
\TX@cols=\count101
\TX@ftn=\toks22
)
(/usr/local/texlive/2018/texmf-dist/tex/latex/tools/calc.sty
Package: calc 2017/05/25 v4.3 Infix arithmetic (KKT,FJ)
\calc@Acount=\count102
\calc@Bcount=\count103
\calc@Adimen=\dimen121
\calc@Bdimen=\dimen122
\calc@Askip=\skip50
\calc@Bskip=\skip51
LaTeX Info: Redefining \setlength on input line 80.
LaTeX Info: Redefining \addtolength on input line 81.
\calc@Ccount=\count104
\calc@Cskip=\skip52
)
(/usr/local/texlive/2018/texmf-dist/tex/latex/multirow/multirow.sty
Package: multirow 2016/11/25 v2.2 Span multiple rows of a table
\multirow@colwidth=\skip53
\multirow@cntb=\count105
\multirow@dima=\skip54
\bigstrutjot=\dimen123
)
(/usr/local/texlive/2018/texmf-dist/tex/latex/graphics/lscape.sty
Package: lscape 2000/10/22 v3.01 Landscape Pages (DPC)
)
(/usr/local/texlive/2018/texmf-dist/tex/latex/oberdiek/pdflscape.sty
Package: pdflscape 2016/05/14 v0.11 Display of landscape pages in PDF (HO)

(/usr/local/texlive/2018/texmf-dist/tex/generic/oberdiek/ifpdf.sty
Package: ifpdf 2017/03/15 v3.2 Provides the ifpdf switch
)
Package pdflscape Info: Auto-detected driver: pdftex on input line 81.

(/usr/local/texlive/2018/texmf-dist/tex/generic/ifxetex/ifxetex.sty
Package: ifxetex 2010/09/12 v0.6 Provides ifxetex conditional
))
(/usr/local/texlive/2018/texmf-dist/tex/latex/listings/listings.sty
\lst@mode=\count106
\lst@gtempboxa=\box30
\lst@token=\toks23
\lst@length=\count107
\lst@currlwidth=\dimen124
\lst@column=\count108
\lst@pos=\count109
\lst@lostspace=\dimen125
\lst@width=\dimen126
\lst@newlines=\count110
\lst@lineno=\count111
\lst@maxwidth=\dimen127

(/usr/local/texlive/2018/texmf-dist/tex/latex/listings/lstmisc.sty
File: lstmisc.sty 2015/06/04 1.6 (Carsten Heinz)
\c@lstnumber=\count112
\lst@skipnumbers=\count113
\lst@framebox=\box31
)
(/usr/local/texlive/2018/texmf-dist/tex/latex/listings/listings.cfg
File: listings.cfg 2015/06/04 1.6 listings configuration
))
Package: listings 2015/06/04 1.6 (Carsten Heinz)

(/usr/local/texlive/2018/texmf-dist/tex/latex/base/fontenc.sty
Package: fontenc 2017/04/05 v2.0i Standard LaTeX package

(/usr/local/texlive/2018/texmf-dist/tex/latex/base/t1enc.def
File: t1enc.def 2017/04/05 v2.0i Standard LaTeX file
LaTeX Font Info:    Redeclaring font encoding T1 on input line 48.
))
(/usr/local/texlive/2018/texmf-dist/tex/latex/appendix/appendix.sty
Package: appendix 2009/09/02 v1.2b extra appendix facilities
\c@@pps=\count114
\c@@ppsavesec=\count115
\c@@ppsaveapp=\count116
)
(./MSc_dissertation_hongwei.aux)
\openout1 = `MSc_dissertation_hongwei.aux'.

LaTeX Font Info:    Checking defaults for OML/cmm/m/it on input line 52.
LaTeX Font Info:    ... okay on input line 52.
LaTeX Font Info:    Checking defaults for T1/cmr/m/n on input line 52.
LaTeX Font Info:    ... okay on input line 52.
LaTeX Font Info:    Checking defaults for OT1/cmr/m/n on input line 52.
LaTeX Font Info:    ... okay on input line 52.
LaTeX Font Info:    Checking defaults for OMS/cmsy/m/n on input line 52.
LaTeX Font Info:    ... okay on input line 52.
LaTeX Font Info:    Checking defaults for OMX/cmex/m/n on input line 52.
LaTeX Font Info:    ... okay on input line 52.
LaTeX Font Info:    Checking defaults for U/cmr/m/n on input line 52.
LaTeX Font Info:    ... okay on input line 52.

(/usr/local/texlive/2018/texmf-dist/tex/context/base/mkii/supp-pdf.mkii
[Loading MPS to PDF converter (version 2006.09.02).]
\scratchcounter=\count117
\scratchdimen=\dimen128
\scratchbox=\box32
\nofMPsegments=\count118
\nofMParguments=\count119
\everyMPshowfont=\toks24
\MPscratchCnt=\count120
\MPscratchDim=\dimen129
\MPnumerator=\count121
\makeMPintoPDFobject=\count122
\everyMPtoPDFconversion=\toks25
) (/usr/local/texlive/2018/texmf-dist/tex/latex/oberdiek/epstopdf-base.sty
Package: epstopdf-base 2016/05/15 v2.6 Base part for package epstopdf

(/usr/local/texlive/2018/texmf-dist/tex/generic/oberdiek/infwarerr.sty
Package: infwarerr 2016/05/16 v1.4 Providing info/warning/error messages (HO)
)
(/usr/local/texlive/2018/texmf-dist/tex/latex/oberdiek/grfext.sty
Package: grfext 2016/05/16 v1.2 Manage graphics extensions (HO)

(/usr/local/texlive/2018/texmf-dist/tex/generic/oberdiek/kvdefinekeys.sty
Package: kvdefinekeys 2016/05/16 v1.4 Define keys (HO)

(/usr/local/texlive/2018/texmf-dist/tex/generic/oberdiek/ltxcmds.sty
Package: ltxcmds 2016/05/16 v1.23 LaTeX kernel commands for general use (HO)
)))
(/usr/local/texlive/2018/texmf-dist/tex/latex/oberdiek/kvoptions.sty
Package: kvoptions 2016/05/16 v3.12 Key value format for package options (HO)

(/usr/local/texlive/2018/texmf-dist/tex/generic/oberdiek/kvsetkeys.sty
Package: kvsetkeys 2016/05/16 v1.17 Key value parser (HO)

(/usr/local/texlive/2018/texmf-dist/tex/generic/oberdiek/etexcmds.sty
Package: etexcmds 2016/05/16 v1.6 Avoid name clashes with e-TeX commands (HO)

(/usr/local/texlive/2018/texmf-dist/tex/generic/oberdiek/ifluatex.sty
Package: ifluatex 2016/05/16 v1.4 Provides the ifluatex switch (HO)
Package ifluatex Info: LuaTeX not detected.
)
Package etexcmds Info: Could not find \expanded.
(etexcmds)             That can mean that you are not using pdfTeX 1.50 or
(etexcmds)             that some package has redefined \expanded.
(etexcmds)             In the latter case, load this package earlier.
)))
(/usr/local/texlive/2018/texmf-dist/tex/generic/oberdiek/pdftexcmds.sty
Package: pdftexcmds 2018/01/30 v0.27 Utility functions of pdfTeX for LuaTeX (HO
)
Package pdftexcmds Info: LuaTeX not detected.
Package pdftexcmds Info: \pdf@primitive is available.
Package pdftexcmds Info: \pdf@ifprimitive is available.
Package pdftexcmds Info: \pdfdraftmode found.
)
Package epstopdf-base Info: Redefining graphics rule for `.eps' on input line 4
38.
Package grfext Info: Graphics extension search list:
(grfext)             [.pdf,.png,.jpg,.mps,.jpeg,.jbig2,.jb2,.PDF,.PNG,.JPG,.JPE
G,.JBIG2,.JB2,.eps]
(grfext)             \AppendGraphicsExtensions on input line 456.

(/usr/local/texlive/2018/texmf-dist/tex/latex/latexconfig/epstopdf-sys.cfg
File: epstopdf-sys.cfg 2010/07/13 v1.3 Configuration of (r)epstopdf for TeX Liv
e
))
\c@lstlisting=\count123
LaTeX Font Info:    Try loading font information for U+msa on input line 53.

(/usr/local/texlive/2018/texmf-dist/tex/latex/amsfonts/umsa.fd
File: umsa.fd 2013/01/14 v3.01 AMS symbols A
)
LaTeX Font Info:    Try loading font information for U+msb on input line 53.

(/usr/local/texlive/2018/texmf-dist/tex/latex/amsfonts/umsb.fd
File: umsb.fd 2013/01/14 v3.01 AMS symbols B
) [1

{/usr/local/texlive/2018/texmf-var/fonts/map/pdftex/updmap/pdftex.map}] [1] [2]

(./MSc_dissertation_hongwei.toc [3])
\tf@toc=\write3
\openout3 = `MSc_dissertation_hongwei.toc'.

 [4] [5]
<Spectra_on_instrument_m5.pdf, id=26, 614.295pt x 794.97pt>
File: Spectra_on_instrument_m5.pdf Graphic file (type pdf)
<use Spectra_on_instrument_m5.pdf>
Package pdftex.def Info: Spectra_on_instrument_m5.pdf  used on input line 91.
(pdftex.def)             Requested size: 213.39566pt x 276.15726pt.
<Spectra_on_instrument_mp5.pdf, id=27, 614.295pt x 794.97pt>
File: Spectra_on_instrument_mp5.pdf Graphic file (type pdf)
<use Spectra_on_instrument_mp5.pdf>
Package pdftex.def Info: Spectra_on_instrument_mp5.pdf  used on input line 92.
(pdftex.def)             Requested size: 213.39566pt x 276.15726pt.
 [6 <./Spectra_on_instrument_m5.pdf> <./Spectra_on_instrument_mp5.pdf>]
Underfull \hbox (badness 10000) in paragraph at lines 118--124

 []


Underfull \hbox (badness 10000) in paragraph at lines 132--136

 []

[7]
<cross-validation.png, id=54, 542.025pt x 541.02126pt>
File: cross-validation.png Graphic file (type png)
<use cross-validation.png>
Package pdftex.def Info: cross-validation.png  used on input line 180.
(pdftex.def)             Requested size: 241.84842pt x 241.40173pt.
 [8] [9 <./cross-validation.png>] [10]
(/usr/local/texlive/2018/texmf-dist/tex/latex/listings/lstlang1.sty
File: lstlang1.sty 2015/06/04 1.6 listings language file
)
(/usr/local/texlive/2018/texmf-dist/tex/latex/listings/lstlang2.sty
File: lstlang2.sty 2015/06/04 1.6 listings language file
)
(/usr/local/texlive/2018/texmf-dist/tex/latex/listings/lstlang3.sty
File: lstlang3.sty 2015/06/04 1.6 listings language file
) [11]
(/usr/local/texlive/2018/texmf-dist/tex/latex/listings/lstlang1.sty
File: lstlang1.sty 2015/06/04 1.6 listings language file
) [12]
<"R_cluster".jpeg, id=72, 2039.62pt x 1088.065pt>
File: "R_cluster".jpeg Graphic file (type jpg)
<use "R_cluster".jpeg>
Package pdftex.def Info: "R_cluster".jpeg  used on input line 348.
(pdftex.def)             Requested size: 412.56496pt x 220.08292pt.

[13 <./R_cluster.jpeg>]

LaTeX Warning: No positions in optional float specifier.
               Default added (so using `tbp') on input line 393.

<boxplot_RMSECV_loop_times_500.pdf, id=77, 614.295pt x 794.97pt>
File: boxplot_RMSECV_loop_times_500.pdf Graphic file (type pdf)
<use boxplot_RMSECV_loop_times_500.pdf>
Package pdftex.def Info: boxplot_RMSECV_loop_times_500.pdf  used on input line 
395.
(pdftex.def)             Requested size: 156.49014pt x 202.51451pt.
<boxplot_RMSEP_loop_times_500.pdf, id=78, 614.295pt x 794.97pt>
File: boxplot_RMSEP_loop_times_500.pdf Graphic file (type pdf)
<use boxplot_RMSEP_loop_times_500.pdf>
Package pdftex.def Info: boxplot_RMSEP_loop_times_500.pdf  used on input line 3
96.
(pdftex.def)             Requested size: 156.49014pt x 202.51451pt.
[14 <./boxplot_RMSECV_loop_times_500.pdf> <./boxplot_RMSEP_loop_times_500.pdf>]

LaTeX Warning: No positions in optional float specifier.
               Default added (so using `tbp') on input line 406.

<sd_RMSECV_loop_times_500.pdf, id=94, 614.295pt x 794.97pt>
File: sd_RMSECV_loop_times_500.pdf Graphic file (type pdf)
<use sd_RMSECV_loop_times_500.pdf>
Package pdftex.def Info: sd_RMSECV_loop_times_500.pdf  used on input line 408.
(pdftex.def)             Requested size: 156.49014pt x 202.51451pt.
<sd_RMSEP_loop_times_500.pdf, id=95, 614.295pt x 794.97pt>
File: sd_RMSEP_loop_times_500.pdf Graphic file (type pdf)
<use sd_RMSEP_loop_times_500.pdf>
Package pdftex.def Info: sd_RMSEP_loop_times_500.pdf  used on input line 409.
(pdftex.def)             Requested size: 156.49014pt x 202.51451pt.
<"/Users/hongwei/Documents/GitHub/STAT/MSc Project/paper_writing/number_of_cali
bration/unnamed-chunk-1-1".png, id=96, 505.89pt x 505.89pt>
File: "/Users/hongwei/Documents/GitHub/STAT/MSc Project/paper_writing/number_of
_calibration/unnamed-chunk-1-1".png Graphic file (type png)
<use "/Users/hongwei/Documents/GitHub/STAT/MSc Project/paper_writing/number_of_
calibration/unnamed-chunk-1-1".png>
Package pdftex.def Info: "/Users/hongwei/Documents/GitHub/STAT/MSc Project/pape
r_writing/number_of_calibration/unnamed-chunk-1-1".png  used on input line 429.

(pdftex.def)             Requested size: 213.39566pt x 213.39865pt.
<"/Users/hongwei/Documents/GitHub/STAT/MSc Project/paper_writing/number_of_cali
bration/unnamed-chunk-1-2".png, id=97, 505.89pt x 505.89pt>
File: "/Users/hongwei/Documents/GitHub/STAT/MSc Project/paper_writing/number_of
_calibration/unnamed-chunk-1-2".png Graphic file (type png)
<use "/Users/hongwei/Documents/GitHub/STAT/MSc Project/paper_writing/number_of_
calibration/unnamed-chunk-1-2".png>
Package pdftex.def Info: "/Users/hongwei/Documents/GitHub/STAT/MSc Project/pape
r_writing/number_of_calibration/unnamed-chunk-1-2".png  used on input line 430.

(pdftex.def)             Requested size: 213.39566pt x 213.39865pt.

LaTeX Warning: `h' float specifier changed to `ht'.

[15 <./sd_RMSECV_loop_times_500.pdf> <./sd_RMSEP_loop_times_500.pdf>]
<"/Users/hongwei/Documents/GitHub/STAT/MSc Project/paper_writing/number_of_cali
bration/unnamed-chunk-6-1".png, id=113, 505.89pt x 505.89pt>
File: "/Users/hongwei/Documents/GitHub/STAT/MSc Project/paper_writing/number_of
_calibration/unnamed-chunk-6-1".png Graphic file (type png)
<use "/Users/hongwei/Documents/GitHub/STAT/MSc Project/paper_writing/number_of_
calibration/unnamed-chunk-6-1".png>
Package pdftex.def Info: "/Users/hongwei/Documents/GitHub/STAT/MSc Project/pape
r_writing/number_of_calibration/unnamed-chunk-6-1".png  used on input line 442.

(pdftex.def)             Requested size: 213.39566pt x 213.39865pt.
<"/Users/hongwei/Documents/GitHub/STAT/MSc Project/paper_writing/number_of_cali
bration/unnamed-chunk-6-2".png, id=114, 505.89pt x 505.89pt>
File: "/Users/hongwei/Documents/GitHub/STAT/MSc Project/paper_writing/number_of
_calibration/unnamed-chunk-6-2".png Graphic file (type png)
<use "/Users/hongwei/Documents/GitHub/STAT/MSc Project/paper_writing/number_of_
calibration/unnamed-chunk-6-2".png>
Package pdftex.def Info: "/Users/hongwei/Documents/GitHub/STAT/MSc Project/pape
r_writing/number_of_calibration/unnamed-chunk-6-2".png  used on input line 443.

(pdftex.def)             Requested size: 213.39566pt x 213.39865pt.
 [16 </Users/hongwei/Documents/GitHub/STAT/MSc Project/paper_writing/number_of_
calibration/unnamed-chunk-1-1.png> </Users/hongwei/Documents/GitHub/STAT/MSc Pr
oject/paper_writing/number_of_calibration/unnamed-chunk-1-2.png> </Users/hongwe
i/Documents/GitHub/STAT/MSc Project/paper_writing/number_of_calibration/unnamed
-chunk-6-1.png> </Users/hongwei/Documents/GitHub/STAT/MSc Project/paper_writing
/number_of_calibration/unnamed-chunk-6-2.png>]
<"/Users/hongwei/Documents/GitHub/STAT/MSc Project/paper_writing/number_of_comp
onents/unnamed-chunk-8-1".png, id=122, 505.89pt x 505.89pt>
File: "/Users/hongwei/Documents/GitHub/STAT/MSc Project/paper_writing/number_of
_components/unnamed-chunk-8-1".png Graphic file (type png)
<use "/Users/hongwei/Documents/GitHub/STAT/MSc Project/paper_writing/number_of_
components/unnamed-chunk-8-1".png>
Package pdftex.def Info: "/Users/hongwei/Documents/GitHub/STAT/MSc Project/pape
r_writing/number_of_components/unnamed-chunk-8-1".png  used on input line 461.
(pdftex.def)             Requested size: 213.39566pt x 213.39865pt.
<"/Users/hongwei/Documents/GitHub/STAT/MSc Project/paper_writing/number_of_comp
onents/unnamed-chunk-8-2".png, id=123, 505.89pt x 505.89pt>
File: "/Users/hongwei/Documents/GitHub/STAT/MSc Project/paper_writing/number_of
_components/unnamed-chunk-8-2".png Graphic file (type png)
<use "/Users/hongwei/Documents/GitHub/STAT/MSc Project/paper_writing/number_of_
components/unnamed-chunk-8-2".png>
Package pdftex.def Info: "/Users/hongwei/Documents/GitHub/STAT/MSc Project/pape
r_writing/number_of_components/unnamed-chunk-8-2".png  used on input line 462.
(pdftex.def)             Requested size: 213.39566pt x 213.39865pt.
<"/Users/hongwei/Documents/GitHub/STAT/MSc Project/paper_writing/figure/unnamed
-chunk-1-1".png, id=124, 505.89pt x 505.89pt>
File: "/Users/hongwei/Documents/GitHub/STAT/MSc Project/paper_writing/figure/un
named-chunk-1-1".png Graphic file (type png)
<use "/Users/hongwei/Documents/GitHub/STAT/MSc Project/paper_writing/figure/unn
amed-chunk-1-1".png>
Package pdftex.def Info: "/Users/hongwei/Documents/GitHub/STAT/MSc Project/pape
r_writing/figure/unnamed-chunk-1-1".png  used on input line 478.
(pdftex.def)             Requested size: 199.16928pt x 199.17207pt.
<"/Users/hongwei/Documents/GitHub/STAT/MSc Project/paper_writing/figure/unnamed
-chunk-2-1".png, id=125, 505.89pt x 505.89pt>
File: "/Users/hongwei/Documents/GitHub/STAT/MSc Project/paper_writing/figure/un
named-chunk-2-1".png Graphic file (type png)
<use "/Users/hongwei/Documents/GitHub/STAT/MSc Project/paper_writing/figure/unn
amed-chunk-2-1".png>
Package pdftex.def Info: "/Users/hongwei/Documents/GitHub/STAT/MSc Project/pape
r_writing/figure/unnamed-chunk-2-1".png  used on input line 479.
(pdftex.def)             Requested size: 199.16928pt x 199.17207pt.
 [17 </Users/hongwei/Documents/GitHub/STAT/MSc Project/paper_writing/number_of_
components/unnamed-chunk-8-1.png> </Users/hongwei/Documents/GitHub/STAT/MSc Pro
ject/paper_writing/number_of_components/unnamed-chunk-8-2.png>]
<"/Users/hongwei/Documents/GitHub/STAT/MSc Project/paper_writing/figure/unnamed
-chunk-3-1".png, id=131, 505.89pt x 505.89pt>
File: "/Users/hongwei/Documents/GitHub/STAT/MSc Project/paper_writing/figure/un
named-chunk-3-1".png Graphic file (type png)
<use "/Users/hongwei/Documents/GitHub/STAT/MSc Project/paper_writing/figure/unn
amed-chunk-3-1".png>
Package pdftex.def Info: "/Users/hongwei/Documents/GitHub/STAT/MSc Project/pape
r_writing/figure/unnamed-chunk-3-1".png  used on input line 487.
(pdftex.def)             Requested size: 199.16928pt x 199.17207pt.
<"/Users/hongwei/Documents/GitHub/STAT/MSc Project/paper_writing/figure/unnamed
-chunk-4-1".png, id=132, 505.89pt x 505.89pt>
File: "/Users/hongwei/Documents/GitHub/STAT/MSc Project/paper_writing/figure/un
named-chunk-4-1".png Graphic file (type png)
<use "/Users/hongwei/Documents/GitHub/STAT/MSc Project/paper_writing/figure/unn
amed-chunk-4-1".png>
Package pdftex.def Info: "/Users/hongwei/Documents/GitHub/STAT/MSc Project/pape
r_writing/figure/unnamed-chunk-4-1".png  used on input line 488.
(pdftex.def)             Requested size: 199.16928pt x 199.17207pt.
<"LOO cross validation".pdf, id=133, 614.295pt x 794.97pt>
File: "LOO cross validation".pdf Graphic file (type pdf)
<use "LOO cross validation".pdf>
Package pdftex.def Info: "LOO cross validation".pdf  used on input line 499.
(pdftex.def)             Requested size: 199.16928pt x 257.74355pt.
<"K-fold cross validation".pdf, id=134, 614.295pt x 794.97pt>
File: "K-fold cross validation".pdf Graphic file (type pdf)
<use "K-fold cross validation".pdf>
Package pdftex.def Info: "K-fold cross validation".pdf  used on input line 500.

(pdftex.def)             Requested size: 199.16928pt x 257.74355pt.


LaTeX Warning: `h' float specifier changed to `ht'.

[18 </Users/hongwei/Documents/GitHub/STAT/MSc Project/paper_writing/figure/unna
med-chunk-1-1.png> </Users/hongwei/Documents/GitHub/STAT/MSc Project/paper_writ
ing/figure/unnamed-chunk-2-1.png> </Users/hongwei/Documents/GitHub/STAT/MSc Pro
ject/paper_writing/figure/unnamed-chunk-3-1.png> </Users/hongwei/Documents/GitH
ub/STAT/MSc Project/paper_writing/figure/unnamed-chunk-4-1.png>] [19 <./LOO cro
ss validation.pdf> <./K-fold cross validation.pdf>] [20]

LaTeX Warning: No positions in optional float specifier.
               Default added (so using `tbp') on input line 559.


Overfull \hbox (53.46625pt too wide) in paragraph at lines 560--573
[][] 
 []


LaTeX Warning: No positions in optional float specifier.
               Default added (so using `tbp') on input line 587.


Overfull \hbox (47.59268pt too wide) in paragraph at lines 589--603
[][] 
 []


LaTeX Warning: No positions in optional float specifier.
               Default added (so using `tbp') on input line 612.


Overfull \hbox (35.84555pt too wide) in paragraph at lines 613--624
[][] 
 []


LaTeX Warning: No positions in optional float specifier.
               Default added (so using `tbp') on input line 633.


Overfull \hbox (29.97198pt too wide) in paragraph at lines 634--648
[][] 
 []

[21] [22]

LaTeX Warning: `h' float specifier changed to `ht'.

[23


] [24] (./MSc_dissertation_hongwei.bbl) [25

]
File: "/Users/hongwei/Documents/GitHub/STAT/MSc Project/paper_writing/number_of
_calibration/unnamed-chunk-1-1".png Graphic file (type png)
<use "/Users/hongwei/Documents/GitHub/STAT/MSc Project/paper_writing/number_of_
calibration/unnamed-chunk-1-1".png>
Package pdftex.def Info: "/Users/hongwei/Documents/GitHub/STAT/MSc Project/pape
r_writing/number_of_calibration/unnamed-chunk-1-1".png  used on input line 751.

(pdftex.def)             Requested size: 213.39566pt x 213.39865pt.
File: "/Users/hongwei/Documents/GitHub/STAT/MSc Project/paper_writing/number_of
_calibration/unnamed-chunk-1-2".png Graphic file (type png)
<use "/Users/hongwei/Documents/GitHub/STAT/MSc Project/paper_writing/number_of_
calibration/unnamed-chunk-1-2".png>
Package pdftex.def Info: "/Users/hongwei/Documents/GitHub/STAT/MSc Project/pape
r_writing/number_of_calibration/unnamed-chunk-1-2".png  used on input line 752.

(pdftex.def)             Requested size: 213.39566pt x 213.39865pt.
<"/Users/hongwei/Documents/GitHub/STAT/MSc Project/paper_writing/number_of_cali
bration/unnamed-chunk-2-1".png, id=177, 505.89pt x 505.89pt>
File: "/Users/hongwei/Documents/GitHub/STAT/MSc Project/paper_writing/number_of
_calibration/unnamed-chunk-2-1".png Graphic file (type png)
<use "/Users/hongwei/Documents/GitHub/STAT/MSc Project/paper_writing/number_of_
calibration/unnamed-chunk-2-1".png>
Package pdftex.def Info: "/Users/hongwei/Documents/GitHub/STAT/MSc Project/pape
r_writing/number_of_calibration/unnamed-chunk-2-1".png  used on input line 760.

(pdftex.def)             Requested size: 213.39566pt x 213.39865pt.
<"/Users/hongwei/Documents/GitHub/STAT/MSc Project/paper_writing/number_of_cali
bration/unnamed-chunk-2-2".png, id=178, 505.89pt x 505.89pt>
File: "/Users/hongwei/Documents/GitHub/STAT/MSc Project/paper_writing/number_of
_calibration/unnamed-chunk-2-2".png Graphic file (type png)
<use "/Users/hongwei/Documents/GitHub/STAT/MSc Project/paper_writing/number_of_
calibration/unnamed-chunk-2-2".png>
Package pdftex.def Info: "/Users/hongwei/Documents/GitHub/STAT/MSc Project/pape
r_writing/number_of_calibration/unnamed-chunk-2-2".png  used on input line 761.

(pdftex.def)             Requested size: 213.39566pt x 213.39865pt.
<"/Users/hongwei/Documents/GitHub/STAT/MSc Project/paper_writing/number_of_cali
bration/unnamed-chunk-3-1".png, id=179, 505.89pt x 505.89pt>
File: "/Users/hongwei/Documents/GitHub/STAT/MSc Project/paper_writing/number_of
_calibration/unnamed-chunk-3-1".png Graphic file (type png)
<use "/Users/hongwei/Documents/GitHub/STAT/MSc Project/paper_writing/number_of_
calibration/unnamed-chunk-3-1".png>
Package pdftex.def Info: "/Users/hongwei/Documents/GitHub/STAT/MSc Project/pape
r_writing/number_of_calibration/unnamed-chunk-3-1".png  used on input line 770.

(pdftex.def)             Requested size: 213.39566pt x 213.39865pt.
<"/Users/hongwei/Documents/GitHub/STAT/MSc Project/paper_writing/number_of_cali
bration/unnamed-chunk-3-2".png, id=180, 505.89pt x 505.89pt>
File: "/Users/hongwei/Documents/GitHub/STAT/MSc Project/paper_writing/number_of
_calibration/unnamed-chunk-3-2".png Graphic file (type png)
<use "/Users/hongwei/Documents/GitHub/STAT/MSc Project/paper_writing/number_of_
calibration/unnamed-chunk-3-2".png>
Package pdftex.def Info: "/Users/hongwei/Documents/GitHub/STAT/MSc Project/pape
r_writing/number_of_calibration/unnamed-chunk-3-2".png  used on input line 771.

(pdftex.def)             Requested size: 213.39566pt x 213.39865pt.


LaTeX Warning: `h' float specifier changed to `ht'.

<"/Users/hongwei/Documents/GitHub/STAT/MSc Project/paper_writing/number_of_cali
bration/unnamed-chunk-4-1".png, id=181, 505.89pt x 505.89pt>
File: "/Users/hongwei/Documents/GitHub/STAT/MSc Project/paper_writing/number_of
_calibration/unnamed-chunk-4-1".png Graphic file (type png)
<use "/Users/hongwei/Documents/GitHub/STAT/MSc Project/paper_writing/number_of_
calibration/unnamed-chunk-4-1".png>
Package pdftex.def Info: "/Users/hongwei/Documents/GitHub/STAT/MSc Project/pape
r_writing/number_of_calibration/unnamed-chunk-4-1".png  used on input line 781.

(pdftex.def)             Requested size: 213.39566pt x 213.39865pt.
<"/Users/hongwei/Documents/GitHub/STAT/MSc Project/paper_writing/number_of_cali
bration/unnamed-chunk-4-2".png, id=182, 505.89pt x 505.89pt>
File: "/Users/hongwei/Documents/GitHub/STAT/MSc Project/paper_writing/number_of
_calibration/unnamed-chunk-4-2".png Graphic file (type png)
<use "/Users/hongwei/Documents/GitHub/STAT/MSc Project/paper_writing/number_of_
calibration/unnamed-chunk-4-2".png>
Package pdftex.def Info: "/Users/hongwei/Documents/GitHub/STAT/MSc Project/pape
r_writing/number_of_calibration/unnamed-chunk-4-2".png  used on input line 782.

(pdftex.def)             Requested size: 213.39566pt x 213.39865pt.

LaTeX Warning: `h' float specifier changed to `ht'.

<"/Users/hongwei/Documents/GitHub/STAT/MSc Project/paper_writing/number_of_cali
bration/unnamed-chunk-5-1".png, id=183, 505.89pt x 505.89pt>
File: "/Users/hongwei/Documents/GitHub/STAT/MSc Project/paper_writing/number_of
_calibration/unnamed-chunk-5-1".png Graphic file (type png)
<use "/Users/hongwei/Documents/GitHub/STAT/MSc Project/paper_writing/number_of_
calibration/unnamed-chunk-5-1".png>
Package pdftex.def Info: "/Users/hongwei/Documents/GitHub/STAT/MSc Project/pape
r_writing/number_of_calibration/unnamed-chunk-5-1".png  used on input line 792.

(pdftex.def)             Requested size: 213.39566pt x 213.39865pt.
<"/Users/hongwei/Documents/GitHub/STAT/MSc Project/paper_writing/number_of_cali
bration/unnamed-chunk-5-2".png, id=184, 505.89pt x 505.89pt>
File: "/Users/hongwei/Documents/GitHub/STAT/MSc Project/paper_writing/number_of
_calibration/unnamed-chunk-5-2".png Graphic file (type png)
<use "/Users/hongwei/Documents/GitHub/STAT/MSc Project/paper_writing/number_of_
calibration/unnamed-chunk-5-2".png>
Package pdftex.def Info: "/Users/hongwei/Documents/GitHub/STAT/MSc Project/pape
r_writing/number_of_calibration/unnamed-chunk-5-2".png  used on input line 793.

(pdftex.def)             Requested size: 213.39566pt x 213.39865pt.

LaTeX Warning: `h' float specifier changed to `ht'.

File: "/Users/hongwei/Documents/GitHub/STAT/MSc Project/paper_writing/number_of
_calibration/unnamed-chunk-6-1".png Graphic file (type png)
<use "/Users/hongwei/Documents/GitHub/STAT/MSc Project/paper_writing/number_of_
calibration/unnamed-chunk-6-1".png>
Package pdftex.def Info: "/Users/hongwei/Documents/GitHub/STAT/MSc Project/pape
r_writing/number_of_calibration/unnamed-chunk-6-1".png  used on input line 803.

(pdftex.def)             Requested size: 213.39566pt x 213.39865pt.
File: "/Users/hongwei/Documents/GitHub/STAT/MSc Project/paper_writing/number_of
_calibration/unnamed-chunk-6-2".png Graphic file (type png)
<use "/Users/hongwei/Documents/GitHub/STAT/MSc Project/paper_writing/number_of_
calibration/unnamed-chunk-6-2".png>
Package pdftex.def Info: "/Users/hongwei/Documents/GitHub/STAT/MSc Project/pape
r_writing/number_of_calibration/unnamed-chunk-6-2".png  used on input line 804.

(pdftex.def)             Requested size: 213.39566pt x 213.39865pt.

LaTeX Warning: `h' float specifier changed to `ht'.

<"/Users/hongwei/Documents/GitHub/STAT/MSc Project/paper_writing/number_of_cali
bration/unnamed-chunk-7-1".png, id=185, 505.89pt x 505.89pt>
File: "/Users/hongwei/Documents/GitHub/STAT/MSc Project/paper_writing/number_of
_calibration/unnamed-chunk-7-1".png Graphic file (type png)
<use "/Users/hongwei/Documents/GitHub/STAT/MSc Project/paper_writing/number_of_
calibration/unnamed-chunk-7-1".png>
Package pdftex.def Info: "/Users/hongwei/Documents/GitHub/STAT/MSc Project/pape
r_writing/number_of_calibration/unnamed-chunk-7-1".png  used on input line 814.

(pdftex.def)             Requested size: 213.39566pt x 213.39865pt.
<"/Users/hongwei/Documents/GitHub/STAT/MSc Project/paper_writing/number_of_cali
bration/unnamed-chunk-7-2".png, id=186, 505.89pt x 505.89pt>
File: "/Users/hongwei/Documents/GitHub/STAT/MSc Project/paper_writing/number_of
_calibration/unnamed-chunk-7-2".png Graphic file (type png)
<use "/Users/hongwei/Documents/GitHub/STAT/MSc Project/paper_writing/number_of_
calibration/unnamed-chunk-7-2".png>
Package pdftex.def Info: "/Users/hongwei/Documents/GitHub/STAT/MSc Project/pape
r_writing/number_of_calibration/unnamed-chunk-7-2".png  used on input line 815.

(pdftex.def)             Requested size: 213.39566pt x 213.39865pt.

LaTeX Warning: `h' float specifier changed to `ht'.

<"/Users/hongwei/Documents/GitHub/STAT/MSc Project/paper_writing/number_of_cali
bration/unnamed-chunk-8-1".png, id=187, 505.89pt x 505.89pt>
File: "/Users/hongwei/Documents/GitHub/STAT/MSc Project/paper_writing/number_of
_calibration/unnamed-chunk-8-1".png Graphic file (type png)
<use "/Users/hongwei/Documents/GitHub/STAT/MSc Project/paper_writing/number_of_
calibration/unnamed-chunk-8-1".png>
Package pdftex.def Info: "/Users/hongwei/Documents/GitHub/STAT/MSc Project/pape
r_writing/number_of_calibration/unnamed-chunk-8-1".png  used on input line 825.

(pdftex.def)             Requested size: 213.39566pt x 213.39865pt.
<"/Users/hongwei/Documents/GitHub/STAT/MSc Project/paper_writing/number_of_cali
bration/unnamed-chunk-8-2".png, id=188, 505.89pt x 505.89pt>
File: "/Users/hongwei/Documents/GitHub/STAT/MSc Project/paper_writing/number_of
_calibration/unnamed-chunk-8-2".png Graphic file (type png)
<use "/Users/hongwei/Documents/GitHub/STAT/MSc Project/paper_writing/number_of_
calibration/unnamed-chunk-8-2".png>
Package pdftex.def Info: "/Users/hongwei/Documents/GitHub/STAT/MSc Project/pape
r_writing/number_of_calibration/unnamed-chunk-8-2".png  used on input line 826.

(pdftex.def)             Requested size: 213.39566pt x 213.39865pt.

LaTeX Warning: `h' float specifier changed to `ht'.

<"/Users/hongwei/Documents/GitHub/STAT/MSc Project/paper_writing/number_of_cali
bration/unnamed-chunk-9-1".png, id=189, 505.89pt x 505.89pt>
File: "/Users/hongwei/Documents/GitHub/STAT/MSc Project/paper_writing/number_of
_calibration/unnamed-chunk-9-1".png Graphic file (type png)
<use "/Users/hongwei/Documents/GitHub/STAT/MSc Project/paper_writing/number_of_
calibration/unnamed-chunk-9-1".png>
Package pdftex.def Info: "/Users/hongwei/Documents/GitHub/STAT/MSc Project/pape
r_writing/number_of_calibration/unnamed-chunk-9-1".png  used on input line 836.

(pdftex.def)             Requested size: 213.39566pt x 213.39865pt.
<"/Users/hongwei/Documents/GitHub/STAT/MSc Project/paper_writing/number_of_cali
bration/unnamed-chunk-9-2".png, id=190, 505.89pt x 505.89pt>
File: "/Users/hongwei/Documents/GitHub/STAT/MSc Project/paper_writing/number_of
_calibration/unnamed-chunk-9-2".png Graphic file (type png)
<use "/Users/hongwei/Documents/GitHub/STAT/MSc Project/paper_writing/number_of_
calibration/unnamed-chunk-9-2".png>
Package pdftex.def Info: "/Users/hongwei/Documents/GitHub/STAT/MSc Project/pape
r_writing/number_of_calibration/unnamed-chunk-9-2".png  used on input line 837.

(pdftex.def)             Requested size: 213.39566pt x 213.39865pt.

LaTeX Warning: `h' float specifier changed to `ht'.

<"/Users/hongwei/Documents/GitHub/STAT/MSc Project/paper_writing/number_of_cali
bration/unnamed-chunk-10-1".png, id=191, 505.89pt x 505.89pt>
File: "/Users/hongwei/Documents/GitHub/STAT/MSc Project/paper_writing/number_of
_calibration/unnamed-chunk-10-1".png Graphic file (type png)
<use "/Users/hongwei/Documents/GitHub/STAT/MSc Project/paper_writing/number_of_
calibration/unnamed-chunk-10-1".png>
Package pdftex.def Info: "/Users/hongwei/Documents/GitHub/STAT/MSc Project/pape
r_writing/number_of_calibration/unnamed-chunk-10-1".png  used on input line 846
.
(pdftex.def)             Requested size: 213.39566pt x 213.39865pt.
<"/Users/hongwei/Documents/GitHub/STAT/MSc Project/paper_writing/number_of_cali
bration/unnamed-chunk-10-2".png, id=192, 505.89pt x 505.89pt>
File: "/Users/hongwei/Documents/GitHub/STAT/MSc Project/paper_writing/number_of
_calibration/unnamed-chunk-10-2".png Graphic file (type png)
<use "/Users/hongwei/Documents/GitHub/STAT/MSc Project/paper_writing/number_of_
calibration/unnamed-chunk-10-2".png>
Package pdftex.def Info: "/Users/hongwei/Documents/GitHub/STAT/MSc Project/pape
r_writing/number_of_calibration/unnamed-chunk-10-2".png  used on input line 847
.
(pdftex.def)             Requested size: 213.39566pt x 213.39865pt.

LaTeX Warning: `h' float specifier changed to `ht'.

<"/Users/hongwei/Documents/GitHub/STAT/MSc Project/paper_writing/number_of_cali
bration/unnamed-chunk-11-1".png, id=193, 505.89pt x 505.89pt>
File: "/Users/hongwei/Documents/GitHub/STAT/MSc Project/paper_writing/number_of
_calibration/unnamed-chunk-11-1".png Graphic file (type png)
<use "/Users/hongwei/Documents/GitHub/STAT/MSc Project/paper_writing/number_of_
calibration/unnamed-chunk-11-1".png>
Package pdftex.def Info: "/Users/hongwei/Documents/GitHub/STAT/MSc Project/pape
r_writing/number_of_calibration/unnamed-chunk-11-1".png  used on input line 857
.
(pdftex.def)             Requested size: 213.39566pt x 213.39865pt.
<"/Users/hongwei/Documents/GitHub/STAT/MSc Project/paper_writing/number_of_cali
bration/unnamed-chunk-11-2".png, id=194, 505.89pt x 505.89pt>
File: "/Users/hongwei/Documents/GitHub/STAT/MSc Project/paper_writing/number_of
_calibration/unnamed-chunk-11-2".png Graphic file (type png)
<use "/Users/hongwei/Documents/GitHub/STAT/MSc Project/paper_writing/number_of_
calibration/unnamed-chunk-11-2".png>
Package pdftex.def Info: "/Users/hongwei/Documents/GitHub/STAT/MSc Project/pape
r_writing/number_of_calibration/unnamed-chunk-11-2".png  used on input line 858
.
(pdftex.def)             Requested size: 213.39566pt x 213.39865pt.

LaTeX Warning: `h' float specifier changed to `ht'.

<"/Users/hongwei/Documents/GitHub/STAT/MSc Project/paper_writing/number_of_cali
bration/unnamed-chunk-12-1".png, id=195, 505.89pt x 505.89pt>
File: "/Users/hongwei/Documents/GitHub/STAT/MSc Project/paper_writing/number_of
_calibration/unnamed-chunk-12-1".png Graphic file (type png)
<use "/Users/hongwei/Documents/GitHub/STAT/MSc Project/paper_writing/number_of_
calibration/unnamed-chunk-12-1".png>
Package pdftex.def Info: "/Users/hongwei/Documents/GitHub/STAT/MSc Project/pape
r_writing/number_of_calibration/unnamed-chunk-12-1".png  used on input line 867
.
(pdftex.def)             Requested size: 213.39566pt x 213.39865pt.
<"/Users/hongwei/Documents/GitHub/STAT/MSc Project/paper_writing/number_of_cali
bration/unnamed-chunk-12-2".png, id=196, 505.89pt x 505.89pt>
File: "/Users/hongwei/Documents/GitHub/STAT/MSc Project/paper_writing/number_of
_calibration/unnamed-chunk-12-2".png Graphic file (type png)
<use "/Users/hongwei/Documents/GitHub/STAT/MSc Project/paper_writing/number_of_
calibration/unnamed-chunk-12-2".png>
Package pdftex.def Info: "/Users/hongwei/Documents/GitHub/STAT/MSc Project/pape
r_writing/number_of_calibration/unnamed-chunk-12-2".png  used on input line 868
.
(pdftex.def)             Requested size: 213.39566pt x 213.39865pt.

LaTeX Warning: `h' float specifier changed to `ht'.

[26

 </Users/hongwei/Documents/GitHub/STAT/MSc Project/paper_writing/number_of_cali
bration/unnamed-chunk-2-1.png> </Users/hongwei/Documents/GitHub/STAT/MSc Projec
t/paper_writing/number_of_calibration/unnamed-chunk-2-2.png>] [27 </Users/hongw
ei/Documents/GitHub/STAT/MSc Project/paper_writing/number_of_calibration/unname
d-chunk-3-1.png> </Users/hongwei/Documents/GitHub/STAT/MSc Project/paper_writin
g/number_of_calibration/unnamed-chunk-3-2.png> </Users/hongwei/Documents/GitHub
/STAT/MSc Project/paper_writing/number_of_calibration/unnamed-chunk-4-1.png> </
Users/hongwei/Documents/GitHub/STAT/MSc Project/paper_writing/number_of_calibra
tion/unnamed-chunk-4-2.png>] [28 </Users/hongwei/Documents/GitHub/STAT/MSc Proj
ect/paper_writing/number_of_calibration/unnamed-chunk-5-1.png> </Users/hongwei/
Documents/GitHub/STAT/MSc Project/paper_writing/number_of_calibration/unnamed-c
hunk-5-2.png>] [29 </Users/hongwei/Documents/GitHub/STAT/MSc Project/paper_writ
ing/number_of_calibration/unnamed-chunk-7-1.png> </Users/hongwei/Documents/GitH
ub/STAT/MSc Project/paper_writing/number_of_calibration/unnamed-chunk-7-2.png> 
</Users/hongwei/Documents/GitHub/STAT/MSc Project/paper_writing/number_of_calib
ration/unnamed-chunk-8-1.png> </Users/hongwei/Documents/GitHub/STAT/MSc Project
/paper_writing/number_of_calibration/unnamed-chunk-8-2.png>] [30 </Users/hongwe
i/Documents/GitHub/STAT/MSc Project/paper_writing/number_of_calibration/unnamed
-chunk-9-1.png> </Users/hongwei/Documents/GitHub/STAT/MSc Project/paper_writing
/number_of_calibration/unnamed-chunk-9-2.png> </Users/hongwei/Documents/GitHub/
STAT/MSc Project/paper_writing/number_of_calibration/unnamed-chunk-10-1.png> </
Users/hongwei/Documents/GitHub/STAT/MSc Project/paper_writing/number_of_calibra
tion/unnamed-chunk-10-2.png>] [31 </Users/hongwei/Documents/GitHub/STAT/MSc Pro
ject/paper_writing/number_of_calibration/unnamed-chunk-11-1.png> </Users/hongwe
i/Documents/GitHub/STAT/MSc Project/paper_writing/number_of_calibration/unnamed
-chunk-11-2.png> </Users/hongwei/Documents/GitHub/STAT/MSc Project/paper_writin
g/number_of_calibration/unnamed-chunk-12-1.png> </Users/hongwei/Documents/GitHu
b/STAT/MSc Project/paper_writing/number_of_calibration/unnamed-chunk-12-2.png>]
<"/Users/hongwei/Documents/GitHub/STAT/MSc Project/paper_writing/number_of_comp
onents/unnamed-chunk-1-1".png, id=237, 505.89pt x 505.89pt>
File: "/Users/hongwei/Documents/GitHub/STAT/MSc Project/paper_writing/number_of
_components/unnamed-chunk-1-1".png Graphic file (type png)
<use "/Users/hongwei/Documents/GitHub/STAT/MSc Project/paper_writing/number_of_
components/unnamed-chunk-1-1".png>
Package pdftex.def Info: "/Users/hongwei/Documents/GitHub/STAT/MSc Project/pape
r_writing/number_of_components/unnamed-chunk-1-1".png  used on input line 885.
(pdftex.def)             Requested size: 213.39566pt x 213.39865pt.
<"/Users/hongwei/Documents/GitHub/STAT/MSc Project/paper_writing/number_of_comp
onents/unnamed-chunk-1-2".png, id=238, 505.89pt x 505.89pt>
File: "/Users/hongwei/Documents/GitHub/STAT/MSc Project/paper_writing/number_of
_components/unnamed-chunk-1-2".png Graphic file (type png)
<use "/Users/hongwei/Documents/GitHub/STAT/MSc Project/paper_writing/number_of_
components/unnamed-chunk-1-2".png>
Package pdftex.def Info: "/Users/hongwei/Documents/GitHub/STAT/MSc Project/pape
r_writing/number_of_components/unnamed-chunk-1-2".png  used on input line 886.
(pdftex.def)             Requested size: 213.39566pt x 213.39865pt.
<"/Users/hongwei/Documents/GitHub/STAT/MSc Project/paper_writing/number_of_comp
onents/unnamed-chunk-2-1".png, id=239, 505.89pt x 505.89pt>
File: "/Users/hongwei/Documents/GitHub/STAT/MSc Project/paper_writing/number_of
_components/unnamed-chunk-2-1".png Graphic file (type png)
<use "/Users/hongwei/Documents/GitHub/STAT/MSc Project/paper_writing/number_of_
components/unnamed-chunk-2-1".png>
Package pdftex.def Info: "/Users/hongwei/Documents/GitHub/STAT/MSc Project/pape
r_writing/number_of_components/unnamed-chunk-2-1".png  used on input line 894.
(pdftex.def)             Requested size: 213.39566pt x 213.39865pt.
<"/Users/hongwei/Documents/GitHub/STAT/MSc Project/paper_writing/number_of_comp
onents/unnamed-chunk-2-2".png, id=240, 505.89pt x 505.89pt>
File: "/Users/hongwei/Documents/GitHub/STAT/MSc Project/paper_writing/number_of
_components/unnamed-chunk-2-2".png Graphic file (type png)
<use "/Users/hongwei/Documents/GitHub/STAT/MSc Project/paper_writing/number_of_
components/unnamed-chunk-2-2".png>
Package pdftex.def Info: "/Users/hongwei/Documents/GitHub/STAT/MSc Project/pape
r_writing/number_of_components/unnamed-chunk-2-2".png  used on input line 895.
(pdftex.def)             Requested size: 213.39566pt x 213.39865pt.
<"/Users/hongwei/Documents/GitHub/STAT/MSc Project/paper_writing/number_of_comp
onents/unnamed-chunk-3-1".png, id=241, 505.89pt x 505.89pt>
File: "/Users/hongwei/Documents/GitHub/STAT/MSc Project/paper_writing/number_of
_components/unnamed-chunk-3-1".png Graphic file (type png)
<use "/Users/hongwei/Documents/GitHub/STAT/MSc Project/paper_writing/number_of_
components/unnamed-chunk-3-1".png>
Package pdftex.def Info: "/Users/hongwei/Documents/GitHub/STAT/MSc Project/pape
r_writing/number_of_components/unnamed-chunk-3-1".png  used on input line 904.
(pdftex.def)             Requested size: 213.39566pt x 213.39865pt.
<"/Users/hongwei/Documents/GitHub/STAT/MSc Project/paper_writing/number_of_comp
onents/unnamed-chunk-3-2".png, id=242, 505.89pt x 505.89pt>
File: "/Users/hongwei/Documents/GitHub/STAT/MSc Project/paper_writing/number_of
_components/unnamed-chunk-3-2".png Graphic file (type png)
<use "/Users/hongwei/Documents/GitHub/STAT/MSc Project/paper_writing/number_of_
components/unnamed-chunk-3-2".png>
Package pdftex.def Info: "/Users/hongwei/Documents/GitHub/STAT/MSc Project/pape
r_writing/number_of_components/unnamed-chunk-3-2".png  used on input line 905.
(pdftex.def)             Requested size: 213.39566pt x 213.39865pt.


LaTeX Warning: `h' float specifier changed to `ht'.

<"/Users/hongwei/Documents/GitHub/STAT/MSc Project/paper_writing/number_of_comp
onents/unnamed-chunk-4-1".png, id=243, 505.89pt x 505.89pt>
File: "/Users/hongwei/Documents/GitHub/STAT/MSc Project/paper_writing/number_of
_components/unnamed-chunk-4-1".png Graphic file (type png)
<use "/Users/hongwei/Documents/GitHub/STAT/MSc Project/paper_writing/number_of_
components/unnamed-chunk-4-1".png>
Package pdftex.def Info: "/Users/hongwei/Documents/GitHub/STAT/MSc Project/pape
r_writing/number_of_components/unnamed-chunk-4-1".png  used on input line 915.
(pdftex.def)             Requested size: 213.39566pt x 213.39865pt.
<"/Users/hongwei/Documents/GitHub/STAT/MSc Project/paper_writing/number_of_comp
onents/unnamed-chunk-4-2".png, id=244, 505.89pt x 505.89pt>
File: "/Users/hongwei/Documents/GitHub/STAT/MSc Project/paper_writing/number_of
_components/unnamed-chunk-4-2".png Graphic file (type png)
<use "/Users/hongwei/Documents/GitHub/STAT/MSc Project/paper_writing/number_of_
components/unnamed-chunk-4-2".png>
Package pdftex.def Info: "/Users/hongwei/Documents/GitHub/STAT/MSc Project/pape
r_writing/number_of_components/unnamed-chunk-4-2".png  used on input line 916.
(pdftex.def)             Requested size: 213.39566pt x 213.39865pt.

LaTeX Warning: `h' float specifier changed to `ht'.

<"/Users/hongwei/Documents/GitHub/STAT/MSc Project/paper_writing/number_of_comp
onents/unnamed-chunk-5-1".png, id=245, 505.89pt x 505.89pt>
File: "/Users/hongwei/Documents/GitHub/STAT/MSc Project/paper_writing/number_of
_components/unnamed-chunk-5-1".png Graphic file (type png)
<use "/Users/hongwei/Documents/GitHub/STAT/MSc Project/paper_writing/number_of_
components/unnamed-chunk-5-1".png>
Package pdftex.def Info: "/Users/hongwei/Documents/GitHub/STAT/MSc Project/pape
r_writing/number_of_components/unnamed-chunk-5-1".png  used on input line 926.
(pdftex.def)             Requested size: 213.39566pt x 213.39865pt.
<"/Users/hongwei/Documents/GitHub/STAT/MSc Project/paper_writing/number_of_comp
onents/unnamed-chunk-5-2".png, id=246, 505.89pt x 505.89pt>
File: "/Users/hongwei/Documents/GitHub/STAT/MSc Project/paper_writing/number_of
_components/unnamed-chunk-5-2".png Graphic file (type png)
<use "/Users/hongwei/Documents/GitHub/STAT/MSc Project/paper_writing/number_of_
components/unnamed-chunk-5-2".png>
Package pdftex.def Info: "/Users/hongwei/Documents/GitHub/STAT/MSc Project/pape
r_writing/number_of_components/unnamed-chunk-5-2".png  used on input line 927.
(pdftex.def)             Requested size: 213.39566pt x 213.39865pt.

LaTeX Warning: `h' float specifier changed to `ht'.

<"/Users/hongwei/Documents/GitHub/STAT/MSc Project/paper_writing/number_of_comp
onents/unnamed-chunk-6-1".png, id=247, 505.89pt x 505.89pt>
File: "/Users/hongwei/Documents/GitHub/STAT/MSc Project/paper_writing/number_of
_components/unnamed-chunk-6-1".png Graphic file (type png)
<use "/Users/hongwei/Documents/GitHub/STAT/MSc Project/paper_writing/number_of_
components/unnamed-chunk-6-1".png>
Package pdftex.def Info: "/Users/hongwei/Documents/GitHub/STAT/MSc Project/pape
r_writing/number_of_components/unnamed-chunk-6-1".png  used on input line 937.
(pdftex.def)             Requested size: 213.39566pt x 213.39865pt.
<"/Users/hongwei/Documents/GitHub/STAT/MSc Project/paper_writing/number_of_comp
onents/unnamed-chunk-6-2".png, id=248, 505.89pt x 505.89pt>
File: "/Users/hongwei/Documents/GitHub/STAT/MSc Project/paper_writing/number_of
_components/unnamed-chunk-6-2".png Graphic file (type png)
<use "/Users/hongwei/Documents/GitHub/STAT/MSc Project/paper_writing/number_of_
components/unnamed-chunk-6-2".png>
Package pdftex.def Info: "/Users/hongwei/Documents/GitHub/STAT/MSc Project/pape
r_writing/number_of_components/unnamed-chunk-6-2".png  used on input line 938.
(pdftex.def)             Requested size: 213.39566pt x 213.39865pt.

LaTeX Warning: `h' float specifier changed to `ht'.

<"/Users/hongwei/Documents/GitHub/STAT/MSc Project/paper_writing/number_of_comp
onents/unnamed-chunk-7-1".png, id=249, 505.89pt x 505.89pt>
File: "/Users/hongwei/Documents/GitHub/STAT/MSc Project/paper_writing/number_of
_components/unnamed-chunk-7-1".png Graphic file (type png)
<use "/Users/hongwei/Documents/GitHub/STAT/MSc Project/paper_writing/number_of_
components/unnamed-chunk-7-1".png>
Package pdftex.def Info: "/Users/hongwei/Documents/GitHub/STAT/MSc Project/pape
r_writing/number_of_components/unnamed-chunk-7-1".png  used on input line 948.
(pdftex.def)             Requested size: 213.39566pt x 213.39865pt.
<"/Users/hongwei/Documents/GitHub/STAT/MSc Project/paper_writing/number_of_comp
onents/unnamed-chunk-7-2".png, id=250, 505.89pt x 505.89pt>
File: "/Users/hongwei/Documents/GitHub/STAT/MSc Project/paper_writing/number_of
_components/unnamed-chunk-7-2".png Graphic file (type png)
<use "/Users/hongwei/Documents/GitHub/STAT/MSc Project/paper_writing/number_of_
components/unnamed-chunk-7-2".png>
Package pdftex.def Info: "/Users/hongwei/Documents/GitHub/STAT/MSc Project/pape
r_writing/number_of_components/unnamed-chunk-7-2".png  used on input line 949.
(pdftex.def)             Requested size: 213.39566pt x 213.39865pt.

LaTeX Warning: `h' float specifier changed to `ht'.

File: "/Users/hongwei/Documents/GitHub/STAT/MSc Project/paper_writing/number_of
_components/unnamed-chunk-8-1".png Graphic file (type png)
<use "/Users/hongwei/Documents/GitHub/STAT/MSc Project/paper_writing/number_of_
components/unnamed-chunk-8-1".png>
Package pdftex.def Info: "/Users/hongwei/Documents/GitHub/STAT/MSc Project/pape
r_writing/number_of_components/unnamed-chunk-8-1".png  used on input line 959.
(pdftex.def)             Requested size: 213.39566pt x 213.39865pt.
File: "/Users/hongwei/Documents/GitHub/STAT/MSc Project/paper_writing/number_of
_components/unnamed-chunk-8-2".png Graphic file (type png)
<use "/Users/hongwei/Documents/GitHub/STAT/MSc Project/paper_writing/number_of_
components/unnamed-chunk-8-2".png>
Package pdftex.def Info: "/Users/hongwei/Documents/GitHub/STAT/MSc Project/pape
r_writing/number_of_components/unnamed-chunk-8-2".png  used on input line 960.
(pdftex.def)             Requested size: 213.39566pt x 213.39865pt.

LaTeX Warning: `h' float specifier changed to `ht'.

<"/Users/hongwei/Documents/GitHub/STAT/MSc Project/paper_writing/number_of_comp
onents/unnamed-chunk-9-1".png, id=251, 505.89pt x 505.89pt>
File: "/Users/hongwei/Documents/GitHub/STAT/MSc Project/paper_writing/number_of
_components/unnamed-chunk-9-1".png Graphic file (type png)
<use "/Users/hongwei/Documents/GitHub/STAT/MSc Project/paper_writing/number_of_
components/unnamed-chunk-9-1".png>
Package pdftex.def Info: "/Users/hongwei/Documents/GitHub/STAT/MSc Project/pape
r_writing/number_of_components/unnamed-chunk-9-1".png  used on input line 970.
(pdftex.def)             Requested size: 213.39566pt x 213.39865pt.
<"/Users/hongwei/Documents/GitHub/STAT/MSc Project/paper_writing/number_of_comp
onents/unnamed-chunk-9-2".png, id=252, 505.89pt x 505.89pt>
File: "/Users/hongwei/Documents/GitHub/STAT/MSc Project/paper_writing/number_of
_components/unnamed-chunk-9-2".png Graphic file (type png)
<use "/Users/hongwei/Documents/GitHub/STAT/MSc Project/paper_writing/number_of_
components/unnamed-chunk-9-2".png>
Package pdftex.def Info: "/Users/hongwei/Documents/GitHub/STAT/MSc Project/pape
r_writing/number_of_components/unnamed-chunk-9-2".png  used on input line 971.
(pdftex.def)             Requested size: 213.39566pt x 213.39865pt.

LaTeX Warning: `h' float specifier changed to `ht'.

<"/Users/hongwei/Documents/GitHub/STAT/MSc Project/paper_writing/number_of_comp
onents/unnamed-chunk-10-1".png, id=253, 505.89pt x 505.89pt>
File: "/Users/hongwei/Documents/GitHub/STAT/MSc Project/paper_writing/number_of
_components/unnamed-chunk-10-1".png Graphic file (type png)
<use "/Users/hongwei/Documents/GitHub/STAT/MSc Project/paper_writing/number_of_
components/unnamed-chunk-10-1".png>
Package pdftex.def Info: "/Users/hongwei/Documents/GitHub/STAT/MSc Project/pape
r_writing/number_of_components/unnamed-chunk-10-1".png  used on input line 980.

(pdftex.def)             Requested size: 213.39566pt x 213.39865pt.
<"/Users/hongwei/Documents/GitHub/STAT/MSc Project/paper_writing/number_of_comp
onents/unnamed-chunk-10-2".png, id=254, 505.89pt x 505.89pt>
File: "/Users/hongwei/Documents/GitHub/STAT/MSc Project/paper_writing/number_of
_components/unnamed-chunk-10-2".png Graphic file (type png)
<use "/Users/hongwei/Documents/GitHub/STAT/MSc Project/paper_writing/number_of_
components/unnamed-chunk-10-2".png>
Package pdftex.def Info: "/Users/hongwei/Documents/GitHub/STAT/MSc Project/pape
r_writing/number_of_components/unnamed-chunk-10-2".png  used on input line 981.

(pdftex.def)             Requested size: 213.39566pt x 213.39865pt.

LaTeX Warning: `h' float specifier changed to `ht'.

<"/Users/hongwei/Documents/GitHub/STAT/MSc Project/paper_writing/number_of_comp
onents/unnamed-chunk-11-1".png, id=255, 505.89pt x 505.89pt>
File: "/Users/hongwei/Documents/GitHub/STAT/MSc Project/paper_writing/number_of
_components/unnamed-chunk-11-1".png Graphic file (type png)
<use "/Users/hongwei/Documents/GitHub/STAT/MSc Project/paper_writing/number_of_
components/unnamed-chunk-11-1".png>
Package pdftex.def Info: "/Users/hongwei/Documents/GitHub/STAT/MSc Project/pape
r_writing/number_of_components/unnamed-chunk-11-1".png  used on input line 991.

(pdftex.def)             Requested size: 213.39566pt x 213.39865pt.
<"/Users/hongwei/Documents/GitHub/STAT/MSc Project/paper_writing/number_of_comp
onents/unnamed-chunk-11-2".png, id=256, 505.89pt x 505.89pt>
File: "/Users/hongwei/Documents/GitHub/STAT/MSc Project/paper_writing/number_of
_components/unnamed-chunk-11-2".png Graphic file (type png)
<use "/Users/hongwei/Documents/GitHub/STAT/MSc Project/paper_writing/number_of_
components/unnamed-chunk-11-2".png>
Package pdftex.def Info: "/Users/hongwei/Documents/GitHub/STAT/MSc Project/pape
r_writing/number_of_components/unnamed-chunk-11-2".png  used on input line 992.

(pdftex.def)             Requested size: 213.39566pt x 213.39865pt.

LaTeX Warning: `h' float specifier changed to `ht'.

<"/Users/hongwei/Documents/GitHub/STAT/MSc Project/paper_writing/number_of_comp
onents/unnamed-chunk-12-1".png, id=257, 505.89pt x 505.89pt>
File: "/Users/hongwei/Documents/GitHub/STAT/MSc Project/paper_writing/number_of
_components/unnamed-chunk-12-1".png Graphic file (type png)
<use "/Users/hongwei/Documents/GitHub/STAT/MSc Project/paper_writing/number_of_
components/unnamed-chunk-12-1".png>
Package pdftex.def Info: "/Users/hongwei/Documents/GitHub/STAT/MSc Project/pape
r_writing/number_of_components/unnamed-chunk-12-1".png  used on input line 1001
.
(pdftex.def)             Requested size: 213.39566pt x 213.39865pt.
<"/Users/hongwei/Documents/GitHub/STAT/MSc Project/paper_writing/number_of_comp
onents/unnamed-chunk-12-2".png, id=258, 505.89pt x 505.89pt>
File: "/Users/hongwei/Documents/GitHub/STAT/MSc Project/paper_writing/number_of
_components/unnamed-chunk-12-2".png Graphic file (type png)
<use "/Users/hongwei/Documents/GitHub/STAT/MSc Project/paper_writing/number_of_
components/unnamed-chunk-12-2".png>
Package pdftex.def Info: "/Users/hongwei/Documents/GitHub/STAT/MSc Project/pape
r_writing/number_of_components/unnamed-chunk-12-2".png  used on input line 1002
.
(pdftex.def)             Requested size: 213.39566pt x 213.39865pt.

LaTeX Warning: `h' float specifier changed to `ht'.

[32

 </Users/hongwei/Documents/GitHub/STAT/MSc Project/paper_writing/number_of_comp
onents/unnamed-chunk-1-1.png> </Users/hongwei/Documents/GitHub/STAT/MSc Project
/paper_writing/number_of_components/unnamed-chunk-1-2.png> </Users/hongwei/Docu
ments/GitHub/STAT/MSc Project/paper_writing/number_of_components/unnamed-chunk-
2-1.png> </Users/hongwei/Documents/GitHub/STAT/MSc Project/paper_writing/number
_of_components/unnamed-chunk-2-2.png>] [33 </Users/hongwei/Documents/GitHub/STA
T/MSc Project/paper_writing/number_of_components/unnamed-chunk-3-1.png> </Users
/hongwei/Documents/GitHub/STAT/MSc Project/paper_writing/number_of_components/u
nnamed-chunk-3-2.png> </Users/hongwei/Documents/GitHub/STAT/MSc Project/paper_w
riting/number_of_components/unnamed-chunk-4-1.png> </Users/hongwei/Documents/Gi
tHub/STAT/MSc Project/paper_writing/number_of_components/unnamed-chunk-4-2.png>
] [34 </Users/hongwei/Documents/GitHub/STAT/MSc Project/paper_writing/number_of
_components/unnamed-chunk-5-1.png> </Users/hongwei/Documents/GitHub/STAT/MSc Pr
oject/paper_writing/number_of_components/unnamed-chunk-5-2.png> </Users/hongwei
/Documents/GitHub/STAT/MSc Project/paper_writing/number_of_components/unnamed-c
hunk-6-1.png> </Users/hongwei/Documents/GitHub/STAT/MSc Project/paper_writing/n
umber_of_components/unnamed-chunk-6-2.png>] [35 </Users/hongwei/Documents/GitHu
b/STAT/MSc Project/paper_writing/number_of_components/unnamed-chunk-7-1.png> </
Users/hongwei/Documents/GitHub/STAT/MSc Project/paper_writing/number_of_compone
nts/unnamed-chunk-7-2.png>] [36 </Users/hongwei/Documents/GitHub/STAT/MSc Proje
ct/paper_writing/number_of_components/unnamed-chunk-9-1.png> </Users/hongwei/Do
cuments/GitHub/STAT/MSc Project/paper_writing/number_of_components/unnamed-chun
k-9-2.png> </Users/hongwei/Documents/GitHub/STAT/MSc Project/paper_writing/numb
er_of_components/unnamed-chunk-10-1.png> </Users/hongwei/Documents/GitHub/STAT/
MSc Project/paper_writing/number_of_components/unnamed-chunk-10-2.png>]
[37 </Users/hongwei/Documents/GitHub/STAT/MSc Project/paper_writing/number_of_c
omponents/unnamed-chunk-11-1.png> </Users/hongwei/Documents/GitHub/STAT/MSc Pro
ject/paper_writing/number_of_components/unnamed-chunk-11-2.png> </Users/hongwei
/Documents/GitHub/STAT/MSc Project/paper_writing/number_of_components/unnamed-c
hunk-12-1.png> </Users/hongwei/Documents/GitHub/STAT/MSc Project/paper_writing/
number_of_components/unnamed-chunk-12-2.png>]
File: "/Users/hongwei/Documents/GitHub/STAT/MSc Project/paper_writing/figure/un
named-chunk-1-1".png Graphic file (type png)
<use "/Users/hongwei/Documents/GitHub/STAT/MSc Project/paper_writing/figure/unn
amed-chunk-1-1".png>
Package pdftex.def Info: "/Users/hongwei/Documents/GitHub/STAT/MSc Project/pape
r_writing/figure/unnamed-chunk-1-1".png  used on input line 1018.
(pdftex.def)             Requested size: 199.16928pt x 199.17207pt.
File: "/Users/hongwei/Documents/GitHub/STAT/MSc Project/paper_writing/figure/un
named-chunk-2-1".png Graphic file (type png)
<use "/Users/hongwei/Documents/GitHub/STAT/MSc Project/paper_writing/figure/unn
amed-chunk-2-1".png>
Package pdftex.def Info: "/Users/hongwei/Documents/GitHub/STAT/MSc Project/pape
r_writing/figure/unnamed-chunk-2-1".png  used on input line 1019.
(pdftex.def)             Requested size: 199.16928pt x 199.17207pt.
File: "/Users/hongwei/Documents/GitHub/STAT/MSc Project/paper_writing/figure/un
named-chunk-3-1".png Graphic file (type png)
<use "/Users/hongwei/Documents/GitHub/STAT/MSc Project/paper_writing/figure/unn
amed-chunk-3-1".png>
Package pdftex.def Info: "/Users/hongwei/Documents/GitHub/STAT/MSc Project/pape
r_writing/figure/unnamed-chunk-3-1".png  used on input line 1027.
(pdftex.def)             Requested size: 199.16928pt x 199.17207pt.
File: "/Users/hongwei/Documents/GitHub/STAT/MSc Project/paper_writing/figure/un
named-chunk-4-1".png Graphic file (type png)
<use "/Users/hongwei/Documents/GitHub/STAT/MSc Project/paper_writing/figure/unn
amed-chunk-4-1".png>
Package pdftex.def Info: "/Users/hongwei/Documents/GitHub/STAT/MSc Project/pape
r_writing/figure/unnamed-chunk-4-1".png  used on input line 1028.
(pdftex.def)             Requested size: 199.16928pt x 199.17207pt.
 [38

] [39

]
(./MSc_dissertation_hongwei.aux) ) 
Here is how much of TeX's memory you used:
 6025 strings out of 492649
 99870 string characters out of 6129622
 203643 words of memory out of 5000000
 9774 multiletter control sequences out of 15000+600000
 16968 words of font info for 51 fonts, out of 8000000 for 9000
 1141 hyphenation exceptions out of 8191
 41i,15n,42p,1733b,1817s stack positions out of 5000i,500n,10000p,200000b,80000s
{/usr/local/texlive/2018/texmf-dist/fonts/enc
/dvips/cm-super/cm-super-t1.enc}</usr/local/texlive/2018/texmf-dist/fonts/type1
/public/amsfonts/cm/cmex10.pfb></usr/local/texlive/2018/texmf-dist/fonts/type1/
public/amsfonts/cm/cmmi12.pfb></usr/local/texlive/2018/texmf-dist/fonts/type1/p
ublic/amsfonts/cm/cmmi8.pfb></usr/local/texlive/2018/texmf-dist/fonts/type1/pub
lic/amsfonts/cm/cmr12.pfb></usr/local/texlive/2018/texmf-dist/fonts/type1/publi
c/amsfonts/cm/cmr8.pfb></usr/local/texlive/2018/texmf-dist/fonts/type1/public/a
msfonts/cm/cmsy10.pfb></usr/local/texlive/2018/texmf-dist/fonts/type1/public/am
sfonts/cm/cmsy8.pfb></usr/local/texlive/2018/texmf-dist/fonts/type1/public/cm-s
uper/sfbx1200.pfb></usr/local/texlive/2018/texmf-dist/fonts/type1/public/cm-sup
er/sfbx1440.pfb></usr/local/texlive/2018/texmf-dist/fonts/type1/public/cm-super
/sfbx1728.pfb></usr/local/texlive/2018/texmf-dist/fonts/type1/public/cm-super/s
frm1200.pfb></usr/local/texlive/2018/texmf-dist/fonts/type1/public/cm-super/sfr
m1440.pfb></usr/local/texlive/2018/texmf-dist/fonts/type1/public/cm-super/sfrm2
074.pfb></usr/local/texlive/2018/texmf-dist/fonts/type1/public/cm-super/sfti120
0.pfb>
Output written on MSc_dissertation_hongwei.pdf (40 pages, 2093773 bytes).
PDF statistics:
 354 PDF objects out of 1000 (max. 8388607)
 174 compressed objects within 2 object streams
 0 named destinations out of 1000 (max. 500000)
 311 words of extra memory for PDF output out of 10000 (max. 10000000)

